<?xml version="1.0" encoding="UTF-8"?>
<testng-results ignored="0" total="2" passed="2" failed="0" skipped="0">
  <reporter-output>
  </reporter-output>
  <suite started-at="2026-06-08T15:01:00 ICT" name="Surefire suite" finished-at="2026-06-08T15:01:09 ICT" duration-ms="9615">
    <groups>
    </groups>
    <test started-at="2026-06-08T15:01:00 ICT" name="Surefire test" finished-at="2026-06-08T15:01:09 ICT" duration-ms="9615">
      <class name="com.huong.testautomation.AppTest">
        <test-method signature="shouldAnswerWithTrue()[pri:0, instance:com.huong.testautomation.AppTest@223f3642]" started-at="2026-06-08T15:01:00 ICT" name="shouldAnswerWithTrue" finished-at="2026-06-08T15:01:00 ICT" duration-ms="8" status="PASS">
          <reporter-output>
          </reporter-output>
        </test-method> <!-- shouldAnswerWithTrue -->
      </class> <!-- com.huong.testautomation.AppTest -->
      <class name="com.huong.testautomation.GoogleTest">
        <test-method signature="openGoogle()[pri:0, instance:com.huong.testautomation.GoogleTest@3c72f59f]" started-at="2026-06-08T15:01:00 ICT" name="openGoogle" finished-at="2026-06-08T15:01:09 ICT" duration-ms="9505" status="PASS">
          <reporter-output>
          </reporter-output>
        </test-method> <!-- openGoogle -->
      </class> <!-- com.huong.testautomation.GoogleTest -->
    </test> <!-- Surefire test -->
  </suite> <!-- Surefire suite -->
</testng-results>
